<?xml version="1.0" encoding="UTF-8"?>
<testsuite name="com.redis.basicredisleaderboarddemojava.BasicRedisLeaderLoardDemoJavaApplicationTests" tests="1" skipped="0" failures="0" errors="0" timestamp="2021-03-01T08:12:37" hostname="oleg-desktop" time="0.936">
  <properties/>
  <testcase name="contextLoads()" classname="com.redis.basicredisleaderboarddemojava.BasicRedisLeaderLoardDemoJavaApplicationTests" time="0.936"/>
  <system-out><![CDATA[11:12:34.411 [Test worker] DEBUG org.springframework.test.context.BootstrapUtils - Instantiating CacheAwareContextLoaderDelegate from class [org.springframework.test.context.cache.DefaultCacheAwareContextLoaderDelegate]
11:12:34.437 [Test worker] DEBUG org.springframework.test.context.BootstrapUtils - Instantiating BootstrapContext using constructor [public org.springframework.test.context.support.DefaultBootstrapContext(java.lang.Class,org.springframework.test.context.CacheAwareContextLoaderDelegate)]
11:12:34.497 [Test worker] DEBUG org.springframework.test.context.BootstrapUtils - Instantiating TestContextBootstrapper for test class [com.redis.basicredisleaderboarddemojava.BasicRedisLeaderLoardDemoJavaApplicationTests] from class [org.springframework.boot.test.context.SpringBootTestContextBootstrapper]
11:12:34.514 [Test worker] INFO org.springframework.boot.test.context.SpringBootTestContextBootstrapper - Neither @ContextConfiguration nor @ContextHierarchy found for test class [com.redis.basicredisleaderboarddemojava.BasicRedisLeaderLoardDemoJavaApplicationTests], using SpringBootContextLoader
11:12:34.527 [Test worker] DEBUG org.springframework.test.context.support.AbstractContextLoader - Did not detect default resource location for test class [com.redis.basicredisleaderboarddemojava.BasicRedisLeaderLoardDemoJavaApplicationTests]: class path resource [com/redis/basicredisleaderboarddemojava/BasicRedisLeaderLoardDemoJavaApplicationTests-context.xml] does not exist
11:12:34.529 [Test worker] DEBUG org.springframework.test.context.support.AbstractContextLoader - Did not detect default resource location for test class [com.redis.basicredisleaderboarddemojava.BasicRedisLeaderLoardDemoJavaApplicationTests]: class path resource [com/redis/basicredisleaderboarddemojava/BasicRedisLeaderLoardDemoJavaApplicationTestsContext.groovy] does not exist
11:12:34.529 [Test worker] INFO org.springframework.test.context.support.AbstractContextLoader - Could not detect default resource locations for test class [com.redis.basicredisleaderboarddemojava.BasicRedisLeaderLoardDemoJavaApplicationTests]: no resource found for suffixes {-context.xml, Context.groovy}.
11:12:34.530 [Test worker] INFO org.springframework.test.context.support.AnnotationConfigContextLoaderUtils - Could not detect default configuration classes for test class [com.redis.basicredisleaderboarddemojava.BasicRedisLeaderLoardDemoJavaApplicationTests]: BasicRedisLeaderLoardDemoJavaApplicationTests does not declare any static, non-private, non-final, nested classes annotated with @Configuration.
11:12:34.598 [Test worker] DEBUG org.springframework.test.context.support.ActiveProfilesUtils - Could not find an 'annotation declaring class' for annotation type [org.springframework.test.context.ActiveProfiles] and class [com.redis.basicredisleaderboarddemojava.BasicRedisLeaderLoardDemoJavaApplicationTests]
11:12:34.696 [Test worker] DEBUG org.springframework.context.annotation.ClassPathScanningCandidateComponentProvider - Identified candidate component class: file [/home/oleg/Desktop/testme/java/basic-redis-leaderboard-java/server/build/classes/java/main/com/redis/basicredisleaderboarddemojava/BasicRedisLeaderLoardDemoJavaApplication.class]
11:12:34.698 [Test worker] INFO org.springframework.boot.test.context.SpringBootTestContextBootstrapper - Found @SpringBootConfiguration com.redis.basicredisleaderboarddemojava.BasicRedisLeaderLoardDemoJavaApplication for test class com.redis.basicredisleaderboarddemojava.BasicRedisLeaderLoardDemoJavaApplicationTests
11:12:34.846 [Test worker] DEBUG org.springframework.boot.test.context.SpringBootTestContextBootstrapper - @TestExecutionListeners is not present for class [com.redis.basicredisleaderboarddemojava.BasicRedisLeaderLoardDemoJavaApplicationTests]: using defaults.
11:12:34.847 [Test worker] INFO org.springframework.boot.test.context.SpringBootTestContextBootstrapper - Loaded default TestExecutionListener class names from location [META-INF/spring.factories]: [org.springframework.boot.test.autoconfigure.restdocs.RestDocsTestExecutionListener, org.springframework.boot.test.autoconfigure.web.client.MockRestServiceServerResetTestExecutionListener, org.springframework.boot.test.autoconfigure.web.servlet.MockMvcPrintOnlyOnFailureTestExecutionListener, org.springframework.boot.test.autoconfigure.web.servlet.WebDriverTestExecutionListener, org.springframework.boot.test.autoconfigure.webservices.client.MockWebServiceServerTestExecutionListener, org.springframework.boot.test.mock.mockito.MockitoTestExecutionListener, org.springframework.boot.test.mock.mockito.ResetMocksTestExecutionListener, org.springframework.test.context.web.ServletTestExecutionListener, org.springframework.test.context.support.DirtiesContextBeforeModesTestExecutionListener, org.springframework.test.context.support.DependencyInjectionTestExecutionListener, org.springframework.test.context.support.DirtiesContextTestExecutionListener, org.springframework.test.context.transaction.TransactionalTestExecutionListener, org.springframework.test.context.jdbc.SqlScriptsTestExecutionListener, org.springframework.test.context.event.EventPublishingTestExecutionListener]
11:12:34.859 [Test worker] DEBUG org.springframework.boot.test.context.SpringBootTestContextBootstrapper - Skipping candidate TestExecutionListener [org.springframework.test.context.transaction.TransactionalTestExecutionListener] due to a missing dependency. Specify custom listener classes or make the default listener classes and their required dependencies available. Offending class: [org/springframework/transaction/interceptor/TransactionAttributeSource]
11:12:34.860 [Test worker] DEBUG org.springframework.boot.test.context.SpringBootTestContextBootstrapper - Skipping candidate TestExecutionListener [org.springframework.test.context.jdbc.SqlScriptsTestExecutionListener] due to a missing dependency. Specify custom listener classes or make the default listener classes and their required dependencies available. Offending class: [org/springframework/transaction/interceptor/TransactionAttribute]
11:12:34.861 [Test worker] INFO org.springframework.boot.test.context.SpringBootTestContextBootstrapper - Using TestExecutionListeners: [org.springframework.test.context.web.ServletTestExecutionListener@3200e931, org.springframework.test.context.support.DirtiesContextBeforeModesTestExecutionListener@67bdd17, org.springframework.boot.test.mock.mockito.MockitoTestExecutionListener@21556472, org.springframework.boot.test.autoconfigure.SpringBootDependencyInjectionTestExecutionListener@bb11a74, org.springframework.test.context.support.DirtiesContextTestExecutionListener@3ecd2352, org.springframework.test.context.event.EventPublishingTestExecutionListener@6686c2f9, org.springframework.boot.test.autoconfigure.restdocs.RestDocsTestExecutionListener@6cfa4caf, org.springframework.boot.test.autoconfigure.web.client.MockRestServiceServerResetTestExecutionListener@6f9b99fe, org.springframework.boot.test.autoconfigure.web.servlet.MockMvcPrintOnlyOnFailureTestExecutionListener@389bf0ec, org.springframework.boot.test.autoconfigure.web.servlet.WebDriverTestExecutionListener@685a7c0c, org.springframework.boot.test.autoconfigure.webservices.client.MockWebServiceServerTestExecutionListener@567bca9c, org.springframework.boot.test.mock.mockito.ResetMocksTestExecutionListener@659cfdc4]
11:12:34.866 [Test worker] DEBUG org.springframework.test.context.support.AbstractDirtiesContextTestExecutionListener - Before test class: context [DefaultTestContext@4e5b9825 testClass = BasicRedisLeaderLoardDemoJavaApplicationTests, testInstance = [null], testMethod = [null], testException = [null], mergedContextConfiguration = [WebMergedContextConfiguration@26aefc62 testClass = BasicRedisLeaderLoardDemoJavaApplicationTests, locations = '{}', classes = '{class com.redis.basicredisleaderboarddemojava.BasicRedisLeaderLoardDemoJavaApplication}', contextInitializerClasses = '[]', activeProfiles = '{}', propertySourceLocations = '{}', propertySourceProperties = '{org.springframework.boot.test.context.SpringBootTestContextBootstrapper=true}', contextCustomizers = set[org.springframework.boot.test.autoconfigure.actuate.metrics.MetricsExportContextCustomizerFactory$DisableMetricExportContextCustomizer@230524f1, org.springframework.boot.test.autoconfigure.properties.PropertyMappingContextCustomizer@0, org.springframework.boot.test.autoconfigure.web.servlet.WebDriverContextCustomizerFactory$Customizer@426b99f7, org.springframework.boot.test.context.filter.ExcludeFilterContextCustomizer@7c144de1, org.springframework.boot.test.json.DuplicateJsonObjectContextCustomizerFactory$DuplicateJsonObjectContextCustomizer@e08d1ec, org.springframework.boot.test.mock.mockito.MockitoContextCustomizer@0, org.springframework.boot.test.web.client.TestRestTemplateContextCustomizer@7de9b53, org.springframework.boot.test.context.SpringBootTestArgs@1, org.springframework.boot.test.context.SpringBootTestWebEnvironment@65539ca3], resourceBasePath = 'src/main/webapp', contextLoader = 'org.springframework.boot.test.context.SpringBootContextLoader', parent = [null]], attributes = map['org.springframework.test.context.web.ServletTestExecutionListener.activateListener' -> true]], class annotated with @DirtiesContext [false] with mode [null].
11:12:34.902 [Test worker] DEBUG org.springframework.test.context.support.TestPropertySourceUtils - Adding inlined properties to environment: {spring.jmx.enabled=false, org.springframework.boot.test.context.SpringBootTestContextBootstrapper=true}

  .   ____          _            __ _ _
 /\\ / ___'_ __ _ _(_)_ __  __ _ \ \ \ \
( ( )\___ | '_ | '_| | '_ \/ _` | \ \ \ \
 \\/  ___)| |_)| | | | | || (_| |  ) ) ) )
  '  |____| .__|_| |_|_| |_\__, | / / / /
 =========|_|==============|___/=/_/_/_/
 :: Spring Boot ::                (v2.4.1)

2021-03-01 11:12:35.336  WARN 30551 --- [    Test worker] ory$DuplicateJsonObjectContextCustomizer : 

Found multiple occurrences of org.json.JSONObject on the class path:

	jar:file:/home/oleg/.gradle/caches/modules-2/files-2.1/org.json/json/20140107/d1ffca6e2482b002702c6a576166fd685e3370e3/json-20140107.jar!/org/json/JSONObject.class
	jar:file:/home/oleg/.gradle/caches/modules-2/files-2.1/com.vaadin.external.google/android-json/0.0.20131108.vaadin1/fa26d351fe62a6a17f5cda1287c1c6110dec413f/android-json-0.0.20131108.vaadin1.jar!/org/json/JSONObject.class

You may wish to exclude one of them to ensure predictable runtime behavior

2021-03-01 11:12:35.353  INFO 30551 --- [    Test worker] RedisLeaderLoardDemoJavaApplicationTests : Starting BasicRedisLeaderLoardDemoJavaApplicationTests using Java 11.0.9.1 on oleg-desktop with PID 30551 (started by oleg in /home/oleg/Desktop/testme/java/basic-redis-leaderboard-java/server)
2021-03-01 11:12:35.357  INFO 30551 --- [    Test worker] RedisLeaderLoardDemoJavaApplicationTests : No active profile set, falling back to default profiles: default
2021-03-01 11:12:37.113  INFO 30551 --- [    Test worker] o.s.s.concurrent.ThreadPoolTaskExecutor  : Initializing ExecutorService 'applicationTaskExecutor'
2021-03-01 11:12:37.242  INFO 30551 --- [    Test worker] o.s.b.a.w.s.WelcomePageHandlerMapping    : Adding welcome page: class path resource [public/index.html]
2021-03-01 11:12:37.461  INFO 30551 --- [    Test worker] .s.s.UserDetailsServiceAutoConfiguration : 

Using generated security password: c0741068-4eca-44ad-b9c4-452a567b23d2

2021-03-01 11:12:37.651  INFO 30551 --- [    Test worker] o.s.s.web.DefaultSecurityFilterChain     : Will secure any request with [org.springframework.security.web.context.request.async.WebAsyncManagerIntegrationFilter@36f2ad9c, org.springframework.security.web.context.SecurityContextPersistenceFilter@7b4e8849, org.springframework.security.web.header.HeaderWriterFilter@3f76fd5, org.springframework.security.web.authentication.logout.LogoutFilter@43d15b14, org.springframework.security.web.savedrequest.RequestCacheAwareFilter@7b5b2167, org.springframework.security.web.servletapi.SecurityContextHolderAwareRequestFilter@43c2bf39, org.springframework.security.web.authentication.AnonymousAuthenticationFilter@2046ca53, org.springframework.security.web.session.SessionManagementFilter@2a188a33, org.springframework.security.web.access.ExceptionTranslationFilter@769571c1, org.springframework.security.web.access.intercept.FilterSecurityInterceptor@71b0bec0]
2021-03-01 11:12:37.744  INFO 30551 --- [    Test worker] RedisLeaderLoardDemoJavaApplicationTests : Started BasicRedisLeaderLoardDemoJavaApplicationTests in 2.834 seconds (JVM running for 4.611)
]]></system-out>
  <system-err><![CDATA[]]></system-err>
</testsuite>
